{"/home/raju/repositories/quin-assignment/src/ui/App.tsx": {"path":"/home/raju/repositories/quin-assignment/src/ui/App.tsx","statementMap":{"0":{"start":{"line":1,"column":0},"end":{"line":1,"column":34}},"1":{"start":{"line":2,"column":0},"end":{"line":2,"column":null}},"2":{"start":{"line":5,"column":0},"end":{"line":5,"column":57}},"3":{"start":{"line":6,"column":0},"end":{"line":6,"column":43}},"4":{"start":{"line":7,"column":0},"end":{"line":7,"column":51}},"5":{"start":{"line":9,"column":16},"end":{"line":18,"column":null}},"6":{"start":{"line":10,"column":2},"end":{"line":17,"column":null}},"7":{"start":{"line":21,"column":0},"end":{"line":21,"column":19}}},"fnMap":{"0":{"name":"(anonymous_1)","decl":{"start":{"line":9,"column":16},"end":{"line":9,"column":19}},"loc":{"start":{"line":10,"column":2},"end":{"line":17,"column":null}}}},"branchMap":{},"s":{"0":1,"1":1,"2":1,"3":1,"4":1,"5":1,"6":3,"7":1},"f":{"0":3},"b":{}}
,"/home/raju/repositories/quin-assignment/src/ui/components/hooks/useAsync.ts": {"path":"/home/raju/repositories/quin-assignment/src/ui/components/hooks/useAsync.ts","statementMap":{"0":{"start":{"line":1,"column":0},"end":{"line":1,"column":64}},"1":{"start":{"line":3,"column":17},"end":{"line":39,"column":1}},"2":{"start":{"line":7,"column":30},"end":{"line":9,"column":11}},"3":{"start":{"line":10,"column":28},"end":{"line":10,"column":52}},"4":{"start":{"line":11,"column":28},"end":{"line":11,"column":52}},"5":{"start":{"line":16,"column":18},"end":{"line":29,"column":21}},"6":{"start":{"line":17,"column":4},"end":{"line":17,"column":25}},"7":{"start":{"line":18,"column":4},"end":{"line":18,"column":19}},"8":{"start":{"line":19,"column":4},"end":{"line":19,"column":19}},"9":{"start":{"line":20,"column":4},"end":{"line":28,"column":9}},"10":{"start":{"line":22,"column":8},"end":{"line":22,"column":27}},"11":{"start":{"line":23,"column":8},"end":{"line":23,"column":29}},"12":{"start":{"line":26,"column":8},"end":{"line":26,"column":24}},"13":{"start":{"line":27,"column":8},"end":{"line":27,"column":27}},"14":{"start":{"line":33,"column":2},"end":{"line":37,"column":27}},"15":{"start":{"line":34,"column":4},"end":{"line":36,"column":null}},"16":{"start":{"line":35,"column":6},"end":{"line":35,"column":16}},"17":{"start":{"line":38,"column":2},"end":{"line":38,"column":43}},"18":{"start":{"line":41,"column":0},"end":{"line":41,"column":24}}},"fnMap":{"0":{"name":"(anonymous_0)","decl":{"start":{"line":3,"column":17},"end":{"line":3,"column":null}},"loc":{"start":{"line":6,"column":4},"end":{"line":39,"column":1}}},"1":{"name":"(anonymous_1)","decl":{"start":{"line":16,"column":30},"end":{"line":16,"column":33}},"loc":{"start":{"line":16,"column":35},"end":{"line":29,"column":3}}},"2":{"name":"(anonymous_2)","decl":{"start":{"line":21,"column":12},"end":{"line":21,"column":13}},"loc":{"start":{"line":21,"column":30},"end":{"line":24,"column":7}}},"3":{"name":"(anonymous_3)","decl":{"start":{"line":25,"column":13},"end":{"line":25,"column":14}},"loc":{"start":{"line":25,"column":28},"end":{"line":28,"column":7}}},"4":{"name":"(anonymous_4)","decl":{"start":{"line":33,"column":12},"end":{"line":33,"column":15}},"loc":{"start":{"line":33,"column":17},"end":{"line":37,"column":3}}}},"branchMap":{"0":{"loc":{"start":{"line":5,"column":2},"end":{"line":5,"column":18}},"type":"default-arg","locations":[{"start":{"line":5,"column":14},"end":{"line":5,"column":18}}]},"1":{"loc":{"start":{"line":34,"column":4},"end":{"line":36,"column":null}},"type":"if","locations":[{"start":{"line":34,"column":4},"end":{"line":36,"column":null}}]}},"s":{"0":1,"1":1,"2":1,"3":1,"4":1,"5":1,"6":1,"7":1,"8":1,"9":1,"10":0,"11":0,"12":0,"13":0,"14":1,"15":1,"16":0,"17":1,"18":1},"f":{"0":1,"1":1,"2":0,"3":0,"4":1},"b":{"0":[0],"1":[0]}}
,"/home/raju/repositories/quin-assignment/src/ui/components/mulecules/AppDrawer.tsx": {"path":"/home/raju/repositories/quin-assignment/src/ui/components/mulecules/AppDrawer.tsx","statementMap":{"0":{"start":{"line":3,"column":0},"end":{"line":3,"column":31}},"1":{"start":{"line":4,"column":0},"end":{"line":4,"column":74}},"2":{"start":{"line":5,"column":0},"end":{"line":5,"column":36}},"3":{"start":{"line":6,"column":0},"end":{"line":6,"column":45}},"4":{"start":{"line":7,"column":0},"end":{"line":7,"column":80}},"5":{"start":{"line":8,"column":0},"end":{"line":8,"column":44}},"6":{"start":{"line":9,"column":0},"end":{"line":9,"column":38}},"7":{"start":{"line":10,"column":0},"end":{"line":10,"column":52}},"8":{"start":{"line":11,"column":0},"end":{"line":11,"column":50}},"9":{"start":{"line":12,"column":0},"end":{"line":12,"column":44}},"10":{"start":{"line":13,"column":0},"end":{"line":13,"column":50}},"11":{"start":{"line":14,"column":0},"end":{"line":14,"column":48}},"12":{"start":{"line":15,"column":0},"end":{"line":15,"column":62}},"13":{"start":{"line":17,"column":0},"end":{"line":17,"column":46}},"14":{"start":{"line":18,"column":0},"end":{"line":18,"column":54}},"15":{"start":{"line":19,"column":0},"end":{"line":19,"column":54}},"16":{"start":{"line":20,"column":0},"end":{"line":20,"column":64}},"17":{"start":{"line":22,"column":0},"end":{"line":22,"column":48}},"18":{"start":{"line":23,"column":0},"end":{"line":23,"column":40}},"19":{"start":{"line":25,"column":20},"end":{"line":25,"column":23}},"20":{"start":{"line":27,"column":20},"end":{"line":34,"column":2}},"21":{"start":{"line":27,"column":50},"end":{"line":34,"column":2}},"22":{"start":{"line":36,"column":20},"end":{"line":46,"column":2}},"23":{"start":{"line":36,"column":50},"end":{"line":46,"column":2}},"24":{"start":{"line":48,"column":21},"end":{"line":55,"column":3}},"25":{"start":{"line":48,"column":50},"end":{"line":54,"column":null}},"26":{"start":{"line":61,"column":15},"end":{"line":77,"column":3}},"27":{"start":{"line":62,"column":31},"end":{"line":62,"column":46}},"28":{"start":{"line":63,"column":37},"end":{"line":76,"column":null}},"29":{"start":{"line":79,"column":15},"end":{"line":94,"column":3}},"30":{"start":{"line":80,"column":31},"end":{"line":80,"column":46}},"31":{"start":{"line":81,"column":24},"end":{"line":93,"column":null}},"32":{"start":{"line":101,"column":16},"end":{"line":101,"column":26}},"33":{"start":{"line":102,"column":26},"end":{"line":102,"column":47}},"34":{"start":{"line":104,"column":29},"end":{"line":106,"column":3}},"35":{"start":{"line":105,"column":4},"end":{"line":105,"column":19}},"36":{"start":{"line":108,"column":2},"end":{"line":170,"column":4}},"37":{"start":{"line":100,"column":0},"end":{"line":100,"column":24}}},"fnMap":{"0":{"name":"(anonymous_7)","decl":{"start":{"line":27,"column":20},"end":{"line":27,"column":21}},"loc":{"start":{"line":27,"column":50},"end":{"line":34,"column":2}}},"1":{"name":"(anonymous_8)","decl":{"start":{"line":36,"column":20},"end":{"line":36,"column":21}},"loc":{"start":{"line":36,"column":50},"end":{"line":46,"column":2}}},"2":{"name":"(anonymous_9)","decl":{"start":{"line":48,"column":35},"end":{"line":48,"column":36}},"loc":{"start":{"line":48,"column":50},"end":{"line":54,"column":null}}},"3":{"name":"(anonymous_10)","decl":{"start":{"line":62,"column":21},"end":{"line":62,"column":22}},"loc":{"start":{"line":62,"column":31},"end":{"line":62,"column":46}}},"4":{"name":"(anonymous_11)","decl":{"start":{"line":63,"column":16},"end":{"line":63,"column":17}},"loc":{"start":{"line":63,"column":37},"end":{"line":76,"column":null}}},"5":{"name":"(anonymous_12)","decl":{"start":{"line":80,"column":21},"end":{"line":80,"column":22}},"loc":{"start":{"line":80,"column":31},"end":{"line":80,"column":46}}},"6":{"name":"(anonymous_13)","decl":{"start":{"line":81,"column":3},"end":{"line":81,"column":4}},"loc":{"start":{"line":81,"column":24},"end":{"line":93,"column":null}}},"7":{"name":"AppDrawer","decl":{"start":{"line":100,"column":24},"end":{"line":100,"column":33}},"loc":{"start":{"line":100,"column":62},"end":{"line":171,"column":1}}},"8":{"name":"(anonymous_15)","decl":{"start":{"line":104,"column":29},"end":{"line":104,"column":32}},"loc":{"start":{"line":104,"column":34},"end":{"line":106,"column":3}}}},"branchMap":{"0":{"loc":{"start":{"line":69,"column":6},"end":{"line":76,"column":4}},"type":"binary-expr","locations":[{"start":{"line":69,"column":6},"end":{"line":69,"column":10}},{"start":{"line":69,"column":14},"end":{"line":76,"column":4}}]},"1":{"loc":{"start":{"line":86,"column":6},"end":{"line":88,"column":null}},"type":"binary-expr","locations":[{"start":{"line":86,"column":6},"end":{"line":86,"column":10}},{"start":{"line":86,"column":10},"end":{"line":88,"column":null}}]},"2":{"loc":{"start":{"line":90,"column":6},"end":{"line":92,"column":null}},"type":"binary-expr","locations":[{"start":{"line":90,"column":6},"end":{"line":90,"column":11}},{"start":{"line":90,"column":11},"end":{"line":92,"column":null}}]},"3":{"loc":{"start":{"line":121,"column":18},"end":{"line":121,"column":45}},"type":"binary-expr","locations":[{"start":{"line":121,"column":18},"end":{"line":121,"column":22}},{"start":{"line":121,"column":26},"end":{"line":121,"column":45}}]}},"s":{"0":2,"1":2,"2":2,"3":2,"4":2,"5":2,"6":2,"7":2,"8":2,"9":2,"10":2,"11":2,"12":2,"13":2,"14":2,"15":2,"16":2,"17":2,"18":2,"19":2,"20":2,"21":2,"22":2,"23":6,"24":2,"25":8,"26":2,"27":14,"28":4,"29":2,"30":14,"31":4,"32":4,"33":4,"34":4,"35":1,"36":4,"37":2},"f":{"0":2,"1":6,"2":8,"3":14,"4":4,"5":14,"6":4,"7":4,"8":1},"b":{"0":[4,1],"1":[4,1],"2":[4,3],"3":[4,1]}}
,"/home/raju/repositories/quin-assignment/src/ui/components/mulecules/LaunchInfo.tsx": {"path":"/home/raju/repositories/quin-assignment/src/ui/components/mulecules/LaunchInfo.tsx","statementMap":{"0":{"start":{"line":1,"column":0},"end":{"line":1,"column":26}},"1":{"start":{"line":2,"column":0},"end":{"line":2,"column":40}},"2":{"start":{"line":3,"column":0},"end":{"line":3,"column":36}},"3":{"start":{"line":4,"column":0},"end":{"line":4,"column":50}},"4":{"start":{"line":5,"column":0},"end":{"line":5,"column":40}},"5":{"start":{"line":6,"column":0},"end":{"line":6,"column":48}},"6":{"start":{"line":7,"column":0},"end":{"line":7,"column":48}},"7":{"start":{"line":10,"column":0},"end":{"line":10,"column":46}},"8":{"start":{"line":13,"column":19},"end":{"line":70,"column":1}},"9":{"start":{"line":14,"column":2},"end":{"line":69,"column":4}},"10":{"start":{"line":72,"column":0},"end":{"line":72,"column":26}}},"fnMap":{"0":{"name":"(anonymous_1)","decl":{"start":{"line":13,"column":19},"end":{"line":13,"column":22}},"loc":{"start":{"line":13,"column":24},"end":{"line":70,"column":1}}}},"branchMap":{},"s":{"0":1,"1":1,"2":1,"3":1,"4":1,"5":1,"6":1,"7":1,"8":1,"9":0,"10":1},"f":{"0":0},"b":{}}
,"/home/raju/repositories/quin-assignment/src/ui/components/mulecules/LaunchPin.tsx": {"path":"/home/raju/repositories/quin-assignment/src/ui/components/mulecules/LaunchPin.tsx","statementMap":{"0":{"start":{"line":1,"column":0},"end":{"line":1,"column":43}},"1":{"start":{"line":2,"column":0},"end":{"line":2,"column":44}},"2":{"start":{"line":3,"column":0},"end":{"line":3,"column":39}},"3":{"start":{"line":4,"column":0},"end":{"line":4,"column":38}},"4":{"start":{"line":6,"column":24},"end":{"line":18,"column":2}},"5":{"start":{"line":20,"column":18},"end":{"line":48,"column":1}},"6":{"start":{"line":21,"column":34},"end":{"line":21,"column":74}},"7":{"start":{"line":22,"column":15},"end":{"line":22,"column":59}},"8":{"start":{"line":22,"column":29},"end":{"line":22,"column":46}},"9":{"start":{"line":24,"column":22},"end":{"line":26,"column":3}},"10":{"start":{"line":25,"column":4},"end":{"line":25,"column":37}},"11":{"start":{"line":27,"column":22},"end":{"line":29,"column":3}},"12":{"start":{"line":28,"column":4},"end":{"line":28,"column":22}},"13":{"start":{"line":31,"column":2},"end":{"line":47,"column":4}},"14":{"start":{"line":50,"column":0},"end":{"line":50,"column":25}}},"fnMap":{"0":{"name":"(anonymous_7)","decl":{"start":{"line":20,"column":18},"end":{"line":20,"column":19}},"loc":{"start":{"line":20,"column":41},"end":{"line":48,"column":1}}},"1":{"name":"(anonymous_8)","decl":{"start":{"line":22,"column":23},"end":{"line":22,"column":26}},"loc":{"start":{"line":22,"column":29},"end":{"line":22,"column":46}}},"2":{"name":"(anonymous_9)","decl":{"start":{"line":24,"column":22},"end":{"line":24,"column":23}},"loc":{"start":{"line":24,"column":69},"end":{"line":26,"column":3}}},"3":{"name":"(anonymous_10)","decl":{"start":{"line":27,"column":22},"end":{"line":27,"column":25}},"loc":{"start":{"line":27,"column":27},"end":{"line":29,"column":3}}}},"branchMap":{},"s":{"0":1,"1":1,"2":1,"3":1,"4":1,"5":1,"6":0,"7":0,"8":0,"9":0,"10":0,"11":0,"12":0,"13":0,"14":1},"f":{"0":0,"1":0,"2":0,"3":0},"b":{}}
,"/home/raju/repositories/quin-assignment/src/ui/components/pages/Home.tsx": {"path":"/home/raju/repositories/quin-assignment/src/ui/components/pages/Home.tsx","statementMap":{"0":{"start":{"line":1,"column":0},"end":{"line":1,"column":50}},"1":{"start":{"line":2,"column":0},"end":{"line":2,"column":39}},"2":{"start":{"line":3,"column":0},"end":{"line":3,"column":26}},"3":{"start":{"line":5,"column":19},"end":{"line":10,"column":2}},"4":{"start":{"line":12,"column":13},"end":{"line":16,"column":null}},"5":{"start":{"line":13,"column":2},"end":{"line":15,"column":null}},"6":{"start":{"line":19,"column":0},"end":{"line":19,"column":20}}},"fnMap":{"0":{"name":"(anonymous_1)","decl":{"start":{"line":12,"column":13},"end":{"line":12,"column":29}},"loc":{"start":{"line":13,"column":2},"end":{"line":15,"column":null}}}},"branchMap":{},"s":{"0":1,"1":1,"2":1,"3":1,"4":1,"5":2,"6":1},"f":{"0":2},"b":{}}
,"/home/raju/repositories/quin-assignment/src/ui/components/pages/Launches.tsx": {"path":"/home/raju/repositories/quin-assignment/src/ui/components/pages/Launches.tsx","statementMap":{"0":{"start":{"line":1,"column":0},"end":{"line":1,"column":60}},"1":{"start":{"line":2,"column":0},"end":{"line":2,"column":50}},"2":{"start":{"line":3,"column":0},"end":{"line":3,"column":48}},"3":{"start":{"line":4,"column":0},"end":{"line":4,"column":70}},"4":{"start":{"line":5,"column":0},"end":{"line":5,"column":53}},"5":{"start":{"line":6,"column":0},"end":{"line":6,"column":65}},"6":{"start":{"line":7,"column":0},"end":{"line":7,"column":36}},"7":{"start":{"line":8,"column":0},"end":{"line":8,"column":48}},"8":{"start":{"line":9,"column":0},"end":{"line":9,"column":40}},"9":{"start":{"line":10,"column":0},"end":{"line":10,"column":48}},"10":{"start":{"line":11,"column":0},"end":{"line":11,"column":48}},"11":{"start":{"line":12,"column":0},"end":{"line":12,"column":48}},"12":{"start":{"line":13,"column":0},"end":{"line":13,"column":46}},"13":{"start":{"line":14,"column":0},"end":{"line":14,"column":62}},"14":{"start":{"line":15,"column":0},"end":{"line":15,"column":55}},"15":{"start":{"line":16,"column":0},"end":{"line":16,"column":46}},"16":{"start":{"line":17,"column":0},"end":{"line":17,"column":47}},"17":{"start":{"line":18,"column":0},"end":{"line":18,"column":41}},"18":{"start":{"line":20,"column":17},"end":{"line":177,"column":1}},"19":{"start":{"line":21,"column":36},"end":{"line":24,"column":4}},"20":{"start":{"line":25,"column":36},"end":{"line":28,"column":4}},"21":{"start":{"line":30,"column":46},"end":{"line":30,"column":58}},"22":{"start":{"line":31,"column":56},"end":{"line":31,"column":70}},"23":{"start":{"line":38,"column":6},"end":{"line":41,"column":null}},"24":{"start":{"line":39,"column":10},"end":{"line":40,"column":26}},"25":{"start":{"line":40,"column":17},"end":{"line":40,"column":25}},"26":{"start":{"line":44,"column":2},"end":{"line":48,"column":15}},"27":{"start":{"line":45,"column":4},"end":{"line":47,"column":null}},"28":{"start":{"line":46,"column":6},"end":{"line":46,"column":22}},"29":{"start":{"line":50,"column":2},"end":{"line":54,"column":5}},"30":{"start":{"line":56,"column":25},"end":{"line":65,"column":17}},"31":{"start":{"line":56,"column":39},"end":{"line":65,"column":7}},"32":{"start":{"line":57,"column":20},"end":{"line":57,"column":51}},"33":{"start":{"line":58,"column":20},"end":{"line":65,"column":6}},"34":{"start":{"line":67,"column":4},"end":{"line":74,"column":null}},"35":{"start":{"line":68,"column":6},"end":{"line":73,"column":null}},"36":{"start":{"line":69,"column":8},"end":{"line":72,"column":null}},"37":{"start":{"line":76,"column":2},"end":{"line":76,"column":null}},"38":{"start":{"line":78,"column":25},"end":{"line":78,"column":27}},"39":{"start":{"line":80,"column":27},"end":{"line":85,"column":null}},"40":{"start":{"line":82,"column":6},"end":{"line":84,"column":38}},"41":{"start":{"line":88,"column":2},"end":{"line":176,"column":4}},"42":{"start":{"line":99,"column":16},"end":{"line":99,"column":39}},"43":{"start":{"line":102,"column":16},"end":{"line":108,"column":null}},"44":{"start":{"line":132,"column":16},"end":{"line":132,"column":80}},"45":{"start":{"line":152,"column":16},"end":{"line":168,"column":null}},"46":{"start":{"line":154,"column":33},"end":{"line":154,"column":53}},"47":{"start":{"line":179,"column":0},"end":{"line":179,"column":24}}},"fnMap":{"0":{"name":"(anonymous_7)","decl":{"start":{"line":20,"column":17},"end":{"line":20,"column":33}},"loc":{"start":{"line":20,"column":35},"end":{"line":177,"column":1}}},"1":{"name":"(anonymous_8)","decl":{"start":{"line":39,"column":4},"end":{"line":39,"column":7}},"loc":{"start":{"line":39,"column":10},"end":{"line":40,"column":26}}},"2":{"name":"(anonymous_9)","decl":{"start":{"line":40,"column":12},"end":{"line":40,"column":13}},"loc":{"start":{"line":40,"column":17},"end":{"line":40,"column":25}}},"3":{"name":"(anonymous_10)","decl":{"start":{"line":44,"column":12},"end":{"line":44,"column":15}},"loc":{"start":{"line":44,"column":17},"end":{"line":48,"column":3}}},"4":{"name":"(anonymous_11)","decl":{"start":{"line":56,"column":33},"end":{"line":56,"column":36}},"loc":{"start":{"line":56,"column":39},"end":{"line":65,"column":7}}},"5":{"name":"(anonymous_12)","decl":{"start":{"line":57,"column":10},"end":{"line":57,"column":11}},"loc":{"start":{"line":57,"column":20},"end":{"line":57,"column":51}}},"6":{"name":"(anonymous_13)","decl":{"start":{"line":58,"column":9},"end":{"line":58,"column":15}},"loc":{"start":{"line":58,"column":20},"end":{"line":65,"column":6}}},"7":{"name":"(anonymous_14)","decl":{"start":{"line":67,"column":14},"end":{"line":67,"column":17}},"loc":{"start":{"line":67,"column":19},"end":{"line":74,"column":5}}},"8":{"name":"(anonymous_15)","decl":{"start":{"line":81,"column":4},"end":{"line":81,"column":7}},"loc":{"start":{"line":82,"column":6},"end":{"line":84,"column":38}}},"9":{"name":"(anonymous_16)","decl":{"start":{"line":98,"column":24},"end":{"line":98,"column":25}},"loc":{"start":{"line":98,"column":37},"end":{"line":100,"column":15}}},"10":{"name":"(anonymous_17)","decl":{"start":{"line":101,"column":27},"end":{"line":101,"column":28}},"loc":{"start":{"line":102,"column":16},"end":{"line":108,"column":null}}},"11":{"name":"(anonymous_18)","decl":{"start":{"line":131,"column":35},"end":{"line":131,"column":36}},"loc":{"start":{"line":132,"column":16},"end":{"line":132,"column":80}}},"12":{"name":"(anonymous_19)","decl":{"start":{"line":151,"column":35},"end":{"line":151,"column":36}},"loc":{"start":{"line":152,"column":16},"end":{"line":168,"column":null}}},"13":{"name":"(anonymous_20)","decl":{"start":{"line":154,"column":27},"end":{"line":154,"column":30}},"loc":{"start":{"line":154,"column":33},"end":{"line":154,"column":53}}}},"branchMap":{"0":{"loc":{"start":{"line":45,"column":4},"end":{"line":47,"column":null}},"type":"if","locations":[{"start":{"line":45,"column":4},"end":{"line":47,"column":null}}]},"1":{"loc":{"start":{"line":56,"column":39},"end":{"line":65,"column":7}},"type":"cond-expr","locations":[{"start":{"line":56,"column":44},"end":{"line":56,"column":46}},{"start":{"line":56,"column":39},"end":{"line":65,"column":7}}]},"2":{"loc":{"start":{"line":56,"column":39},"end":{"line":56,"column":46}},"type":"binary-expr","locations":[{"start":{"line":56,"column":39},"end":{"line":56,"column":46}},{"start":{"line":56,"column":39},"end":{"line":56,"column":46}}]},"3":{"loc":{"start":{"line":68,"column":6},"end":{"line":73,"column":null}},"type":"if","locations":[{"start":{"line":68,"column":6},"end":{"line":73,"column":null}}]},"4":{"loc":{"start":{"line":68,"column":10},"end":{"line":68,"column":32}},"type":"cond-expr","locations":[{"start":{"line":68,"column":24},"end":{"line":68,"column":26}},{"start":{"line":68,"column":10},"end":{"line":68,"column":32}}]},"5":{"loc":{"start":{"line":68,"column":10},"end":{"line":68,"column":26}},"type":"binary-expr","locations":[{"start":{"line":68,"column":10},"end":{"line":68,"column":26}},{"start":{"line":68,"column":10},"end":{"line":68,"column":26}}]},"6":{"loc":{"start":{"line":82,"column":6},"end":{"line":84,"column":38}},"type":"cond-expr","locations":[{"start":{"line":83,"column":10},"end":{"line":83,"column":73}},{"start":{"line":84,"column":10},"end":{"line":84,"column":38}}]},"7":{"loc":{"start":{"line":82,"column":6},"end":{"line":82,"column":34}},"type":"binary-expr","locations":[{"start":{"line":82,"column":6},"end":{"line":82,"column":18}},{"start":{"line":82,"column":22},"end":{"line":82,"column":34}}]},"8":{"loc":{"start":{"line":117,"column":7},"end":{"line":117,"column":64}},"type":"binary-expr","locations":[{"start":{"line":117,"column":7},"end":{"line":117,"column":12}},{"start":{"line":117,"column":16},"end":{"line":117,"column":64}}]},"9":{"loc":{"start":{"line":119,"column":7},"end":{"line":173,"column":null}},"type":"cond-expr","locations":[{"start":{"line":120,"column":8},"end":{"line":121,"column":null}},{"start":{"line":124,"column":8},"end":{"line":172,"column":null}}]},"10":{"loc":{"start":{"line":119,"column":7},"end":{"line":119,"column":37}},"type":"binary-expr","locations":[{"start":{"line":119,"column":7},"end":{"line":119,"column":27}},{"start":{"line":119,"column":31},"end":{"line":119,"column":37}}]},"11":{"loc":{"start":{"line":131,"column":15},"end":{"line":133,"column":16}},"type":"cond-expr","locations":[{"start":{"line":131,"column":29},"end":{"line":131,"column":31}},{"start":{"line":131,"column":15},"end":{"line":133,"column":16}}]},"12":{"loc":{"start":{"line":131,"column":15},"end":{"line":131,"column":31}},"type":"binary-expr","locations":[{"start":{"line":131,"column":15},"end":{"line":131,"column":31}},{"start":{"line":131,"column":15},"end":{"line":131,"column":31}}]},"13":{"loc":{"start":{"line":151,"column":15},"end":{"line":170,"column":16}},"type":"cond-expr","locations":[{"start":{"line":151,"column":29},"end":{"line":151,"column":31}},{"start":{"line":151,"column":15},"end":{"line":170,"column":16}}]},"14":{"loc":{"start":{"line":151,"column":15},"end":{"line":151,"column":31}},"type":"binary-expr","locations":[{"start":{"line":151,"column":15},"end":{"line":151,"column":31}},{"start":{"line":151,"column":15},"end":{"line":151,"column":31}}]}},"s":{"0":1,"1":1,"2":1,"3":1,"4":1,"5":1,"6":1,"7":1,"8":1,"9":1,"10":1,"11":1,"12":1,"13":1,"14":1,"15":1,"16":1,"17":1,"18":1,"19":2,"20":1,"21":1,"22":1,"23":1,"24":1,"25":0,"26":1,"27":1,"28":1,"29":1,"30":1,"31":1,"32":0,"33":0,"34":1,"35":1,"36":0,"37":1,"38":1,"39":1,"40":1,"41":1,"42":0,"43":1,"44":0,"45":0,"46":0,"47":1},"f":{"0":2,"1":1,"2":0,"3":1,"4":1,"5":0,"6":0,"7":1,"8":1,"9":0,"10":1,"11":0,"12":0,"13":0},"b":{"0":[1],"1":[1,0],"2":[1,0],"3":[0],"4":[1,0],"5":[1,1],"6":[1,0],"7":[1,1],"8":[1,0],"9":[0,1],"10":[1,0],"11":[1,0],"12":[1,1],"13":[1,0],"14":[1,1]}}
}
