TN:
SF:src/ui/App.tsx
FN:9,(anonymous_1)
FNF:1
FNH:1
FNDA:3,(anonymous_1)
DA:1,1
DA:2,1
DA:5,1
DA:6,1
DA:7,1
DA:9,1
DA:10,3
DA:21,1
LF:8
LH:8
BRF:0
BRH:0
end_of_record
TN:
SF:src/ui/components/hooks/useAsync.ts
FN:3,(anonymous_0)
FN:16,(anonymous_1)
FN:21,(anonymous_2)
FN:25,(anonymous_3)
FN:33,(anonymous_4)
FNF:5
FNH:3
FNDA:1,(anonymous_0)
FNDA:1,(anonymous_1)
FNDA:0,(anonymous_2)
FNDA:0,(anonymous_3)
FNDA:1,(anonymous_4)
DA:1,1
DA:3,1
DA:7,1
DA:10,1
DA:11,1
DA:16,1
DA:17,1
DA:18,1
DA:19,1
DA:20,1
DA:22,0
DA:23,0
DA:26,0
DA:27,0
DA:33,1
DA:34,1
DA:35,0
DA:38,1
DA:41,1
LF:19
LH:14
BRDA:5,0,0,0
BRDA:34,1,0,0
BRF:2
BRH:0
end_of_record
TN:
SF:src/ui/components/mulecules/AppDrawer.tsx
FN:27,(anonymous_7)
FN:36,(anonymous_8)
FN:48,(anonymous_9)
FN:62,(anonymous_10)
FN:63,(anonymous_11)
FN:80,(anonymous_12)
FN:81,(anonymous_13)
FN:100,AppDrawer
FN:104,(anonymous_15)
FNF:9
FNH:9
FNDA:2,(anonymous_7)
FNDA:6,(anonymous_8)
FNDA:8,(anonymous_9)
FNDA:14,(anonymous_10)
FNDA:4,(anonymous_11)
FNDA:14,(anonymous_12)
FNDA:4,(anonymous_13)
FNDA:4,AppDrawer
FNDA:1,(anonymous_15)
DA:3,2
DA:4,2
DA:5,2
DA:6,2
DA:7,2
DA:8,2
DA:9,2
DA:10,2
DA:11,2
DA:12,2
DA:13,2
DA:14,2
DA:15,2
DA:17,2
DA:18,2
DA:19,2
DA:20,2
DA:22,2
DA:23,2
DA:25,2
DA:27,2
DA:36,6
DA:48,8
DA:61,2
DA:62,14
DA:63,4
DA:79,2
DA:80,14
DA:81,4
DA:100,2
DA:101,4
DA:102,4
DA:104,4
DA:105,1
DA:108,4
LF:35
LH:35
BRDA:69,0,0,4
BRDA:69,0,1,1
BRDA:86,1,0,4
BRDA:86,1,1,1
BRDA:90,2,0,4
BRDA:90,2,1,3
BRDA:121,3,0,4
BRDA:121,3,1,1
BRF:8
BRH:8
end_of_record
TN:
SF:src/ui/components/mulecules/LaunchInfo.tsx
FN:13,(anonymous_1)
FNF:1
FNH:0
FNDA:0,(anonymous_1)
DA:1,1
DA:2,1
DA:3,1
DA:4,1
DA:5,1
DA:6,1
DA:7,1
DA:10,1
DA:13,1
DA:14,0
DA:72,1
LF:11
LH:10
BRF:0
BRH:0
end_of_record
TN:
SF:src/ui/components/mulecules/LaunchPin.tsx
FN:20,(anonymous_7)
FN:22,(anonymous_8)
FN:24,(anonymous_9)
FN:27,(anonymous_10)
FNF:4
FNH:0
FNDA:0,(anonymous_7)
FNDA:0,(anonymous_8)
FNDA:0,(anonymous_9)
FNDA:0,(anonymous_10)
DA:1,1
DA:2,1
DA:3,1
DA:4,1
DA:6,1
DA:20,1
DA:21,0
DA:22,0
DA:24,0
DA:25,0
DA:27,0
DA:28,0
DA:31,0
DA:50,1
LF:14
LH:7
BRF:0
BRH:0
end_of_record
TN:
SF:src/ui/components/pages/Home.tsx
FN:12,(anonymous_1)
FNF:1
FNH:1
FNDA:2,(anonymous_1)
DA:1,1
DA:2,1
DA:3,1
DA:5,1
DA:12,1
DA:13,2
DA:19,1
LF:7
LH:7
BRF:0
BRH:0
end_of_record
TN:
SF:src/ui/components/pages/Launches.tsx
FN:20,(anonymous_7)
FN:39,(anonymous_8)
FN:40,(anonymous_9)
FN:44,(anonymous_10)
FN:56,(anonymous_11)
FN:57,(anonymous_12)
FN:58,(anonymous_13)
FN:67,(anonymous_14)
FN:81,(anonymous_15)
FN:98,(anonymous_16)
FN:101,(anonymous_17)
FN:131,(anonymous_18)
FN:151,(anonymous_19)
FN:154,(anonymous_20)
FNF:14
FNH:7
FNDA:2,(anonymous_7)
FNDA:1,(anonymous_8)
FNDA:0,(anonymous_9)
FNDA:1,(anonymous_10)
FNDA:1,(anonymous_11)
FNDA:0,(anonymous_12)
FNDA:0,(anonymous_13)
FNDA:1,(anonymous_14)
FNDA:1,(anonymous_15)
FNDA:0,(anonymous_16)
FNDA:1,(anonymous_17)
FNDA:0,(anonymous_18)
FNDA:0,(anonymous_19)
FNDA:0,(anonymous_20)
DA:1,1
DA:2,1
DA:3,1
DA:4,1
DA:5,1
DA:6,1
DA:7,1
DA:8,1
DA:9,1
DA:10,1
DA:11,1
DA:12,1
DA:13,1
DA:14,1
DA:15,1
DA:16,1
DA:17,1
DA:18,1
DA:20,1
DA:21,2
DA:25,1
DA:30,1
DA:31,1
DA:38,1
DA:39,1
DA:40,0
DA:44,1
DA:45,1
DA:46,1
DA:50,1
DA:56,1
DA:57,0
DA:58,0
DA:67,1
DA:68,1
DA:69,0
DA:76,1
DA:78,1
DA:80,1
DA:82,1
DA:88,1
DA:99,0
DA:102,1
DA:132,0
DA:152,0
DA:154,0
DA:179,1
LF:47
LH:39
BRDA:45,0,0,1
BRDA:56,1,0,1
BRDA:56,1,1,0
BRDA:56,2,0,1
BRDA:56,2,1,0
BRDA:68,3,0,0
BRDA:68,4,0,1
BRDA:68,4,1,0
BRDA:68,5,0,1
BRDA:68,5,1,1
BRDA:82,6,0,1
BRDA:82,6,1,0
BRDA:82,7,0,1
BRDA:82,7,1,1
BRDA:117,8,0,1
BRDA:117,8,1,0
BRDA:119,9,0,0
BRDA:119,9,1,1
BRDA:119,10,0,1
BRDA:119,10,1,0
BRDA:131,11,0,1
BRDA:131,11,1,0
BRDA:131,12,0,1
BRDA:131,12,1,1
BRDA:151,13,0,1
BRDA:151,13,1,0
BRDA:151,14,0,1
BRDA:151,14,1,1
BRF:28
BRH:18
end_of_record
